<?xml version="1.0" encoding="UTF-8"?>
<coverage generated="1676555813082" clover="3.2.0">
  <project timestamp="1676555813082" name="All files">
    <metrics statements="5" coveredstatements="5" conditionals="0" coveredconditionals="0" methods="2" coveredmethods="2" elements="7" coveredelements="7" complexity="0" loc="5" ncloc="5" packages="1" files="1" classes="1"/>
    <file name="bcrypt-adapter.ts" path="/home/user/Documentos/Projetos/JavaScript/AulasUdemy/AgoraVai/src/infra/criptography/bcrypt-adapter.ts">
      <metrics statements="5" coveredstatements="5" conditionals="0" coveredconditionals="0" methods="2" coveredmethods="2"/>
      <line num="1" count="1" type="stmt"/>
      <line num="4" count="1" type="stmt"/>
      <line num="8" count="2" type="stmt"/>
      <line num="12" count="2" type="stmt"/>
      <line num="13" count="2" type="stmt"/>
    </file>
  </project>
</coverage>
