{"/home/user/Documentos/Projetos/JavaScript/AulasUdemy/AgoraVai/src/data/usercases/add-account/db-add-account.ts": {"path":"/home/user/Documentos/Projetos/JavaScript/AulasUdemy/AgoraVai/src/data/usercases/add-account/db-add-account.ts","statementMap":{"0":{"start":{"line":8,"column":4},"end":{"line":8,"column":null}},"1":{"start":{"line":9,"column":4},"end":{"line":9,"column":null}},"2":{"start":{"line":13,"column":27},"end":{"line":13,"column":77}},"3":{"start":{"line":14,"column":20},"end":{"line":14,"column":117}},"4":{"start":{"line":15,"column":4},"end":{"line":15,"column":null}},"5":{"start":{"line":3,"column":0},"end":{"line":3,"column":13}}},"fnMap":{"0":{"name":"(anonymous_0)","decl":{"start":{"line":7,"column":2},"end":{"line":7,"column":15}},"loc":{"start":{"line":7,"column":79},"end":{"line":10,"column":3}}},"1":{"name":"(anonymous_1)","decl":{"start":{"line":12,"column":2},"end":{"line":12,"column":7}},"loc":{"start":{"line":12,"column":41},"end":{"line":16,"column":3}}}},"branchMap":{},"s":{"0":5,"1":5,"2":5,"3":4,"4":3,"5":1},"f":{"0":5,"1":5},"b":{}}
}
