TN:
SF:src/data/usercases/add-account/db-add-account.ts
FN:7,(anonymous_0)
FN:12,(anonymous_1)
FNF:2
FNH:2
FNDA:5,(anonymous_0)
FNDA:5,(anonymous_1)
DA:3,1
DA:8,5
DA:9,5
DA:13,5
DA:14,4
DA:15,3
LF:6
LH:6
BRF:0
BRH:0
end_of_record
TN:
SF:src/infra/criptography/bcrypt-adapter.ts
FN:7,(anonymous_1)
FN:11,(anonymous_2)
FNF:2
FNH:2
FNDA:3,(anonymous_1)
FNDA:3,(anonymous_2)
DA:1,1
DA:4,1
DA:8,3
DA:12,3
DA:13,2
LF:5
LH:5
BRF:0
BRH:0
end_of_record
TN:
SF:src/presentation/controllers/sign-up/signup.ts
FN:8,(anonymous_0)
FN:13,(anonymous_1)
FNF:2
FNH:2
FNDA:11,(anonymous_0)
FNDA:11,(anonymous_1)
DA:1,1
DA:3,1
DA:5,1
DA:9,11
DA:10,11
DA:14,11
DA:15,11
DA:16,11
DA:17,38
DA:18,4
DA:21,7
DA:22,7
DA:23,1
DA:25,6
DA:26,5
DA:27,1
DA:29,4
DA:34,3
DA:36,2
LF:19
LH:19
BRDA:17,0,0,4
BRDA:22,1,0,1
BRDA:26,2,0,1
BRF:3
BRH:3
end_of_record
TN:
SF:src/presentation/errors/index.ts
FNF:0
FNH:0
DA:1,1
DA:2,1
DA:3,1
LF:3
LH:3
BRF:0
BRH:0
end_of_record
TN:
SF:src/presentation/errors/invalidParamError.ts
FN:2,(anonymous_0)
FNF:1
FNH:1
FNDA:4,(anonymous_0)
DA:1,1
DA:3,4
DA:4,4
LF:3
LH:3
BRF:0
BRH:0
end_of_record
TN:
SF:src/presentation/errors/missingParamError.ts
FN:2,(anonymous_0)
FNF:1
FNH:1
FNDA:8,(anonymous_0)
DA:1,1
DA:3,8
DA:4,8
LF:3
LH:3
BRF:0
BRH:0
end_of_record
TN:
SF:src/presentation/errors/serverError.ts
FN:2,(anonymous_0)
FNF:1
FNH:1
FNDA:4,(anonymous_0)
DA:1,1
DA:3,4
DA:4,4
LF:3
LH:3
BRF:0
BRH:0
end_of_record
TN:
SF:src/presentation/helpers/http-helper.ts
FN:4,(anonymous_0)
FN:9,(anonymous_1)
FN:14,(anonymous_2)
FNF:3
FNH:3
FNDA:6,(anonymous_0)
FNDA:2,(anonymous_1)
FNDA:3,(anonymous_2)
DA:1,1
DA:4,6
DA:9,2
DA:14,3
LF:4
LH:4
BRF:0
BRH:0
end_of_record
TN:
SF:src/utils/email-validatorAdapter.ts
FN:5,(anonymous_1)
FNF:1
FNH:1
FNDA:3,(anonymous_1)
DA:2,1
DA:4,1
DA:6,3
LF:3
LH:3
BRF:0
BRH:0
end_of_record
